<?xml version="1.0" encoding="UTF-8"?>
<!-- Generated by org.testng.reporters.JUnitReportReporter -->
<testsuite skipped="0" hostname="D-1007" name="com.test.admin.uiAutomation.homePage.TC_ReportSection" tests="1" failures="0" timestamp="26 Jun 2019 20:52:02 GMT" time="29.914" errors="0">
  <testcase name="Clone_Agent_With_Empty_AgentID" time="29.914" classname="com.test.admin.uiAutomation.homePage.TC_ReportSection"/>
</testsuite> <!-- com.test.admin.uiAutomation.homePage.TC_ReportSection -->
