<?xml version="1.0" encoding="UTF-8"?>
<!-- Generated by org.testng.reporters.JUnitReportReporter -->
<testsuite skipped="10" hostname="D-1007" name="com.test.admin.uiAutomation.homePage.TC007_agentPage" tests="11" failures="0" timestamp="20 Feb 2019 22:54:58 GMT" time="25.176" errors="1">
  <testcase name="setUp" time="9.829" classname="com.test.admin.uiAutomation.homePage.TC007_agentPage">
    <error type="org.openqa.selenium.WebDriverException" message="unknown error: cannot determine loading status
from disconnected: received Inspector.detached event
  (Session info: chrome=69.0.3497.81)
  (Driver info: chromedriver=2.40.565383 (76257d1ab79276b2d53ee976b2c3e3b9f335cde7),platform=Linux 4.4.0-142-generic x86_64) (WARNING: The server did not provide any stacktrace information)
Command duration or timeout: 2.86 seconds
Build info: version: &#039;3.4.0&#039;, revision: &#039;unknown&#039;, time: &#039;unknown&#039;
System info: host: &#039;D-1007&#039;, ip: &#039;127.0.1.1&#039;, os.name: &#039;Linux&#039;, os.arch: &#039;amd64&#039;, os.version: &#039;4.4.0-142-generic&#039;, java.version: &#039;1.8.0_191&#039;
Driver info: org.openqa.selenium.chrome.ChromeDriver
Capabilities [{applicationCacheEnabled=false, rotatable=false, mobileEmulationEnabled=false, networkConnectionEnabled=false, chrome={chromedriverVersion=2.40.565383 (76257d1ab79276b2d53ee976b2c3e3b9f335cde7), userDataDir=/tmp/.org.chromium.Chromium.x0D022}, takesHeapSnapshot=true, pageLoadStrategy=normal, databaseEnabled=false, handlesAlerts=true, hasTouchScreen=false, version=69.0.3497.81, platform=LINUX, browserConnectionEnabled=false, nativeEvents=true, acceptSslCerts=false, acceptInsecureCerts=false, locationContextEnabled=true, webStorageEnabled=true, browserName=chrome, takesScreenshot=true, javascriptEnabled=true, cssSelectorsEnabled=true, setWindowRect=true, unexpectedAlertBehaviour=}]
Session ID: 0011a95dcbfc2bc4f17639df92aba2b5">
      <![CDATA[org.openqa.selenium.WebDriverException: unknown error: cannot determine loading status
from disconnected: received Inspector.detached event
  (Session info: chrome=69.0.3497.81)
  (Driver info: chromedriver=2.40.565383 (76257d1ab79276b2d53ee976b2c3e3b9f335cde7),platform=Linux 4.4.0-142-generic x86_64) (WARNING: The server did not provide any stacktrace information)
Command duration or timeout: 2.86 seconds
Build info: version: '3.4.0', revision: 'unknown', time: 'unknown'
System info: host: 'D-1007', ip: '127.0.1.1', os.name: 'Linux', os.arch: 'amd64', os.version: '4.4.0-142-generic', java.version: '1.8.0_191'
Driver info: org.openqa.selenium.chrome.ChromeDriver
Capabilities [{applicationCacheEnabled=false, rotatable=false, mobileEmulationEnabled=false, networkConnectionEnabled=false, chrome={chromedriverVersion=2.40.565383 (76257d1ab79276b2d53ee976b2c3e3b9f335cde7), userDataDir=/tmp/.org.chromium.Chromium.x0D022}, takesHeapSnapshot=true, pageLoadStrategy=normal, databaseEnabled=false, handlesAlerts=true, hasTouchScreen=false, version=69.0.3497.81, platform=LINUX, browserConnectionEnabled=false, nativeEvents=true, acceptSslCerts=false, acceptInsecureCerts=false, locationContextEnabled=true, webStorageEnabled=true, browserName=chrome, takesScreenshot=true, javascriptEnabled=true, cssSelectorsEnabled=true, setWindowRect=true, unexpectedAlertBehaviour=}]
Session ID: 0011a95dcbfc2bc4f17639df92aba2b5
at sun.reflect.NativeConstructorAccessorImpl.newInstance0(Native Method)
at sun.reflect.NativeConstructorAccessorImpl.newInstance(NativeConstructorAccessorImpl.java:62)
at sun.reflect.DelegatingConstructorAccessorImpl.newInstance(DelegatingConstructorAccessorImpl.java:45)
at java.lang.reflect.Constructor.newInstance(Constructor.java:423)
at org.openqa.selenium.remote.ErrorHandler.createThrowable(ErrorHandler.java:215)
at org.openqa.selenium.remote.ErrorHandler.throwIfResponseFailed(ErrorHandler.java:167)
at org.openqa.selenium.remote.RemoteWebDriver.execute(RemoteWebDriver.java:671)
at org.openqa.selenium.remote.RemoteWebDriver.get(RemoteWebDriver.java:364)
at com.test.admin.uiAutomation.testBase.TestBase.getUrl(TestBase.java:48)
at com.test.admin.uiAutomation.testBase.TestBase.init(TestBase.java:25)
at com.test.admin.uiAutomation.homePage.TC007_agentPage.setUp(TC007_agentPage.java:36)
at sun.reflect.NativeMethodAccessorImpl.invoke0(Native Method)
at sun.reflect.NativeMethodAccessorImpl.invoke(NativeMethodAccessorImpl.java:62)
at sun.reflect.DelegatingMethodAccessorImpl.invoke(DelegatingMethodAccessorImpl.java:43)
at java.lang.reflect.Method.invoke(Method.java:498)
at org.testng.internal.MethodInvocationHelper.invokeMethod(MethodInvocationHelper.java:124)
at org.testng.internal.MethodInvocationHelper.invokeMethodConsideringTimeout(MethodInvocationHelper.java:59)
at org.testng.internal.Invoker.invokeConfigurationMethod(Invoker.java:455)
at org.testng.internal.Invoker.invokeConfigurations(Invoker.java:222)
at org.testng.internal.Invoker.invokeMethod(Invoker.java:520)
at org.testng.internal.Invoker.retryFailed(Invoker.java:838)
at org.testng.internal.Invoker.invokeTestMethods(Invoker.java:1009)
at org.testng.internal.TestMethodWorker.invokeTestMethods(TestMethodWorker.java:125)
at org.testng.internal.TestMethodWorker.run(TestMethodWorker.java:109)
at org.testng.TestRunner.privateRun(TestRunner.java:648)
at org.testng.TestRunner.run(TestRunner.java:505)
at org.testng.SuiteRunner.runTest(SuiteRunner.java:455)
at org.testng.SuiteRunner.access$000(SuiteRunner.java:40)
at org.testng.SuiteRunner$SuiteWorker.run(SuiteRunner.java:489)
at org.testng.internal.thread.ThreadUtil$1.call(ThreadUtil.java:52)
at java.util.concurrent.FutureTask.run(FutureTask.java:266)
at java.util.concurrent.ThreadPoolExecutor.runWorker(ThreadPoolExecutor.java:1149)
at java.util.concurrent.ThreadPoolExecutor$Worker.run(ThreadPoolExecutor.java:624)
at java.lang.Thread.run(Thread.java:748)
]]>
    </error>
  </testcase> <!-- setUp -->
  <testcase name="Clone_Agent_With_3_Digits" time="0.000" classname="com.test.admin.uiAutomation.homePage.TC007_agentPage">
    <skipped/>
  </testcase> <!-- Clone_Agent_With_3_Digits -->
  <testcase name="Clone_Agent_With_3_Digits" time="15.347" classname="com.test.admin.uiAutomation.homePage.TC007_agentPage">
    <skipped/>
  </testcase> <!-- Clone_Agent_With_3_Digits -->
  <testcase name="Clone_Agent_With_Empty_AgentID" classname="com.test.admin.uiAutomation.homePage.TC007_agentPage">
    <skipped/>
  </testcase> <!-- Clone_Agent_With_Empty_AgentID -->
  <testcase name="Clone_Agent_With_8_Digits" classname="com.test.admin.uiAutomation.homePage.TC007_agentPage">
    <skipped/>
  </testcase> <!-- Clone_Agent_With_8_Digits -->
  <testcase name="Clone_Agent_Full_name" classname="com.test.admin.uiAutomation.homePage.TC007_agentPage">
    <skipped/>
  </testcase> <!-- Clone_Agent_Full_name -->
  <testcase name="Clone_Agent_empty_Password" classname="com.test.admin.uiAutomation.homePage.TC007_agentPage">
    <skipped/>
  </testcase> <!-- Clone_Agent_empty_Password -->
  <testcase name="Clone_Agent_With_Letters" classname="com.test.admin.uiAutomation.homePage.TC007_agentPage">
    <skipped/>
  </testcase> <!-- Clone_Agent_With_Letters -->
  <testcase name="agent_create_delete_modify" classname="com.test.admin.uiAutomation.homePage.TC007_agentPage">
    <skipped/>
  </testcase> <!-- agent_create_delete_modify -->
  <testcase name="Clone_Agent_oneLetter_Password" classname="com.test.admin.uiAutomation.homePage.TC007_agentPage">
    <skipped/>
  </testcase> <!-- Clone_Agent_oneLetter_Password -->
  <testcase name="Clone_Agent_Invalid_Password" classname="com.test.admin.uiAutomation.homePage.TC007_agentPage">
    <skipped/>
  </testcase> <!-- Clone_Agent_Invalid_Password -->
</testsuite> <!-- com.test.admin.uiAutomation.homePage.TC007_agentPage -->
