<?xml version="1.0" encoding="UTF-8"?>
<!-- Generated by org.testng.reporters.JUnitReportReporter -->
<testsuite skipped="0" hostname="D-1011" name="com.test.admin.uiAutomation.homePage.TC001_VerifyLoginWithInvalidCredentials" tests="1" failures="0" timestamp="28 Sep 2018 19:25:36 GMT" time="7.008" errors="0">
  <testcase name="verifyLoginWithInvalidCredentials" time="7.008" classname="com.test.admin.uiAutomation.homePage.TC001_VerifyLoginWithInvalidCredentials"/>
</testsuite> <!-- com.test.admin.uiAutomation.homePage.TC001_VerifyLoginWithInvalidCredentials -->
