<?xml version="1.0" encoding="UTF-8"?>
<!-- Generated by org.testng.reporters.JUnitReportReporter -->
<testsuite skipped="8" hostname="D-1007" name="com.test.admin.uiAutomation.homePage.TC007_agentPage" tests="9" failures="0" timestamp="01 Apr 2019 22:58:56 GMT" time="32.040" errors="0">
  <testcase name="Clone_Agent_With_3_Digits" time="32.040" classname="com.test.admin.uiAutomation.homePage.TC007_agentPage"/>
  <testcase name="Clone_Agent_With_Empty_AgentID" classname="com.test.admin.uiAutomation.homePage.TC007_agentPage">
    <skipped/>
  </testcase> <!-- Clone_Agent_With_Empty_AgentID -->
  <testcase name="Clone_Agent_With_8_Digits" classname="com.test.admin.uiAutomation.homePage.TC007_agentPage">
    <skipped/>
  </testcase> <!-- Clone_Agent_With_8_Digits -->
  <testcase name="Clone_Agent_Full_name" classname="com.test.admin.uiAutomation.homePage.TC007_agentPage">
    <skipped/>
  </testcase> <!-- Clone_Agent_Full_name -->
  <testcase name="Clone_Agent_empty_Password" classname="com.test.admin.uiAutomation.homePage.TC007_agentPage">
    <skipped/>
  </testcase> <!-- Clone_Agent_empty_Password -->
  <testcase name="Clone_Agent_With_Letters" classname="com.test.admin.uiAutomation.homePage.TC007_agentPage">
    <skipped/>
  </testcase> <!-- Clone_Agent_With_Letters -->
  <testcase name="agent_create_delete_modify" classname="com.test.admin.uiAutomation.homePage.TC007_agentPage">
    <skipped/>
  </testcase> <!-- agent_create_delete_modify -->
  <testcase name="Clone_Agent_oneLetter_Password" classname="com.test.admin.uiAutomation.homePage.TC007_agentPage">
    <skipped/>
  </testcase> <!-- Clone_Agent_oneLetter_Password -->
  <testcase name="Clone_Agent_Invalid_Password" classname="com.test.admin.uiAutomation.homePage.TC007_agentPage">
    <skipped/>
  </testcase> <!-- Clone_Agent_Invalid_Password -->
</testsuite> <!-- com.test.admin.uiAutomation.homePage.TC007_agentPage -->
