<?xml version="1.0" encoding="UTF-8"?>
<!-- Generated by org.testng.reporters.JUnitReportReporter -->
<testsuite skipped="0" hostname="D-1011" name="LoginPage.loginpage" tests="1" failures="0" timestamp="18 Jun 2018 18:59:56 GMT" time="0.036" errors="0">
  <testcase name="login_page" time="0.036" classname="LoginPage.loginpage"/>
</testsuite> <!-- LoginPage.loginpage -->
