<?xml version="1.0" encoding="UTF-8"?>
<!-- Generated by org.testng.reporters.JUnitReportReporter -->
<testsuite skipped="0" hostname="D-1007" name="com.test.admin.uiAutomation.homePage.TC_ReportSection" tests="1" failures="0" timestamp="25 Jun 2019 23:33:42 GMT" time="27.687" errors="0">
  <testcase name="Clone_Agent_With_Empty_AgentID" time="27.687" classname="com.test.admin.uiAutomation.homePage.TC_ReportSection"/>
</testsuite> <!-- com.test.admin.uiAutomation.homePage.TC_ReportSection -->
